mode: set
starter_pack/services/create_character.go:29.118,45.16 3 1
starter_pack/services/create_character.go:45.16,47.3 1 1
starter_pack/services/create_character.go:49.2,49.47 1 1
starter_pack/services/create_character.go:49.47,51.3 1 1
starter_pack/services/create_character.go:53.2,53.18 1 1
starter_pack/services/delete_character.go:12.82,14.2 1 1
starter_pack/services/enrich_data.go:34.25,44.12 8 0
starter_pack/services/enrich_data.go:44.12,47.3 2 0
starter_pack/services/enrich_data.go:48.2,48.12 1 0
starter_pack/services/enrich_data.go:48.12,51.3 2 0
starter_pack/services/enrich_data.go:52.2,52.12 1 0
starter_pack/services/enrich_data.go:52.12,55.3 2 0
starter_pack/services/enrich_data.go:56.2,58.21 2 0
starter_pack/services/enrich_data.go:58.21,60.3 1 0
starter_pack/services/enrich_data.go:61.2,61.22 1 0
starter_pack/services/enrich_data.go:61.22,63.3 1 0
starter_pack/services/enrich_data.go:64.2,64.21 1 0
starter_pack/services/enrich_data.go:64.21,66.3 1 0
starter_pack/services/enrich_data.go:68.2,68.61 1 0
starter_pack/services/enrich_data.go:68.61,70.3 1 0
starter_pack/services/enrich_data.go:72.2,76.64 2 0
starter_pack/services/enrich_data.go:76.64,78.3 1 0
starter_pack/services/enrich_data.go:80.2,82.12 2 0
starter_pack/services/enrich_data.go:85.37,88.16 3 0
starter_pack/services/enrich_data.go:88.16,90.3 1 0
starter_pack/services/enrich_data.go:91.2,99.65 3 0
starter_pack/services/enrich_data.go:99.65,101.3 1 0
starter_pack/services/enrich_data.go:103.2,105.33 3 0
starter_pack/services/enrich_data.go:105.33,107.23 2 0
starter_pack/services/enrich_data.go:107.23,110.18 3 0
starter_pack/services/enrich_data.go:110.18,112.5 1 0
starter_pack/services/enrich_data.go:116.2,116.12 1 0
starter_pack/services/enrich_data.go:116.12,119.3 2 0
starter_pack/services/enrich_data.go:121.2,122.21 2 0
starter_pack/services/enrich_data.go:122.21,124.3 1 0
starter_pack/services/enrich_data.go:126.2,126.20 1 0
starter_pack/services/enrich_data.go:129.51,132.16 3 0
starter_pack/services/enrich_data.go:132.16,134.3 1 0
starter_pack/services/enrich_data.go:136.2,143.49 2 0
starter_pack/services/enrich_data.go:143.49,145.3 1 0
starter_pack/services/enrich_data.go:146.2,146.72 1 0
starter_pack/services/enrich_data.go:149.39,152.16 3 0
starter_pack/services/enrich_data.go:152.16,154.3 1 0
starter_pack/services/enrich_data.go:155.2,163.65 3 0
starter_pack/services/enrich_data.go:163.65,165.3 1 0
starter_pack/services/enrich_data.go:167.2,169.35 3 0
starter_pack/services/enrich_data.go:169.35,171.23 2 0
starter_pack/services/enrich_data.go:171.23,174.18 3 0
starter_pack/services/enrich_data.go:174.18,176.5 1 0
starter_pack/services/enrich_data.go:180.2,180.12 1 0
starter_pack/services/enrich_data.go:180.12,183.3 2 0
starter_pack/services/enrich_data.go:185.2,186.21 2 0
starter_pack/services/enrich_data.go:186.21,188.3 1 0
starter_pack/services/enrich_data.go:190.2,190.21 1 0
starter_pack/services/enrich_data.go:193.53,196.16 3 0
starter_pack/services/enrich_data.go:196.16,198.3 1 0
starter_pack/services/enrich_data.go:200.2,206.49 2 0
starter_pack/services/enrich_data.go:206.49,208.3 1 0
starter_pack/services/enrich_data.go:210.2,211.29 2 0
starter_pack/services/enrich_data.go:212.15,213.43 1 0
starter_pack/services/enrich_data.go:214.30,215.46 1 0
starter_pack/services/enrich_data.go:215.46,217.4 1 0
starter_pack/services/enrich_data.go:220.2,225.8 1 0
starter_pack/services/enrich_data.go:228.37,231.16 3 0
starter_pack/services/enrich_data.go:231.16,233.3 1 0
starter_pack/services/enrich_data.go:234.2,242.65 3 0
starter_pack/services/enrich_data.go:242.65,244.3 1 0
starter_pack/services/enrich_data.go:246.2,248.35 3 0
starter_pack/services/enrich_data.go:248.35,250.23 2 0
starter_pack/services/enrich_data.go:250.23,253.18 3 0
starter_pack/services/enrich_data.go:253.18,255.5 1 0
starter_pack/services/enrich_data.go:259.2,259.12 1 0
starter_pack/services/enrich_data.go:259.12,262.3 2 0
starter_pack/services/enrich_data.go:264.2,265.21 2 0
starter_pack/services/enrich_data.go:265.21,267.3 1 0
starter_pack/services/enrich_data.go:269.2,269.20 1 0
starter_pack/services/enrich_data.go:272.51,275.16 3 0
starter_pack/services/enrich_data.go:275.16,277.3 1 0
starter_pack/services/enrich_data.go:279.2,286.49 2 0
starter_pack/services/enrich_data.go:286.49,288.3 1 0
starter_pack/services/enrich_data.go:290.2,294.8 1 0
starter_pack/services/enrich_data.go:297.47,300.16 3 0
starter_pack/services/enrich_data.go:300.16,302.3 1 0
starter_pack/services/enrich_data.go:303.2,304.30 2 0
starter_pack/services/enrich_data.go:307.56,309.16 2 0
starter_pack/services/enrich_data.go:309.16,311.3 1 0
starter_pack/services/enrich_data.go:312.2,312.44 1 0
starter_pack/services/equip_character.go:14.112,16.16 2 1
starter_pack/services/equip_character.go:16.16,18.3 1 0
starter_pack/services/equip_character.go:20.2,24.18 4 1
starter_pack/services/equip_character.go:25.16,26.17 1 1
starter_pack/services/equip_character.go:26.17,28.4 1 1
starter_pack/services/equip_character.go:29.3,29.58 1 1
starter_pack/services/equip_character.go:29.58,31.4 1 0
starter_pack/services/equip_character.go:32.15,33.51 1 1
starter_pack/services/equip_character.go:33.51,35.4 1 0
starter_pack/services/equip_character.go:36.16,37.52 1 1
starter_pack/services/equip_character.go:37.52,39.4 1 0
starter_pack/services/equip_character.go:40.10,41.59 1 1
starter_pack/services/equip_character.go:44.2,44.47 1 1
starter_pack/services/equip_character.go:44.47,46.3 1 0
starter_pack/services/equip_character.go:48.2,48.50 1 1
starter_pack/services/equipment.go:17.85,18.14 1 0
starter_pack/services/equipment.go:19.16,20.40 1 0
starter_pack/services/equipment.go:20.40,22.4 1 0
starter_pack/services/equipment.go:23.3,24.67 2 0
starter_pack/services/equipment.go:26.15,27.39 1 0
starter_pack/services/equipment.go:27.39,29.4 1 0
starter_pack/services/equipment.go:30.3,31.67 2 0
starter_pack/services/equipment.go:33.10,34.47 1 0
starter_pack/services/equipment.go:38.94,39.30 1 0
starter_pack/services/equipment.go:39.30,41.3 1 0
starter_pack/services/equipment.go:42.2,48.52 3 0
starter_pack/services/equipment.go:51.81,52.31 1 0
starter_pack/services/equipment.go:52.31,54.3 1 0
starter_pack/services/equipment.go:55.2,60.54 3 0
starter_pack/services/learn-spell.go:15.105,17.16 2 0
starter_pack/services/learn-spell.go:17.16,19.3 1 0
starter_pack/services/learn-spell.go:21.2,22.18 2 0
starter_pack/services/learn-spell.go:22.18,24.3 1 0
starter_pack/services/learn-spell.go:26.2,28.47 2 0
starter_pack/services/learn-spell.go:28.47,30.3 1 0
starter_pack/services/learn-spell.go:32.2,32.57 1 0
starter_pack/services/prepare_spells.go:15.107,17.16 2 0
starter_pack/services/prepare_spells.go:17.16,19.3 1 0
starter_pack/services/prepare_spells.go:21.2,22.18 2 0
starter_pack/services/prepare_spells.go:22.18,24.3 1 0
starter_pack/services/prepare_spells.go:26.2,26.50 1 0
starter_pack/services/prepare_spells.go:26.50,28.3 1 0
starter_pack/services/prepare_spells.go:30.2,30.47 1 0
starter_pack/services/prepare_spells.go:30.47,32.3 1 0
starter_pack/services/prepare_spells.go:34.2,34.58 1 0
starter_pack/services/sheet_character.go:16.106,18.16 2 0
starter_pack/services/sheet_character.go:18.16,20.3 1 0
starter_pack/services/sheet_character.go:22.2,22.43 1 0
starter_pack/services/sheet_character.go:22.43,24.3 1 0
starter_pack/services/sheet_character.go:26.2,35.25 9 0
starter_pack/services/sheet_character.go:38.86,48.2 9 0
starter_pack/services/sheet_character.go:50.90,60.2 9 0
starter_pack/services/sheet_character.go:62.83,66.41 4 0
starter_pack/services/sheet_character.go:66.41,68.57 2 0
starter_pack/services/sheet_character.go:68.57,70.4 1 0
starter_pack/services/sheet_character.go:71.3,71.81 1 0
starter_pack/services/sheet_character.go:73.2,74.20 2 0
starter_pack/services/sheet_character.go:77.86,80.42 3 0
starter_pack/services/sheet_character.go:80.42,82.3 1 0
starter_pack/services/sheet_character.go:83.2,83.33 1 0
starter_pack/services/sheet_character.go:83.33,85.3 1 0
starter_pack/services/sheet_character.go:86.2,86.34 1 0
starter_pack/services/sheet_character.go:86.34,88.3 1 0
starter_pack/services/sheet_character.go:89.2,90.20 2 0
starter_pack/services/sheet_character.go:93.88,99.2 5 0
starter_pack/services/sheet_character.go:101.82,103.30 2 0
starter_pack/services/sheet_character.go:103.30,106.34 3 0
starter_pack/services/sheet_character.go:106.34,108.4 1 0
starter_pack/services/sheet_character.go:109.3,110.28 2 0
starter_pack/services/sheet_character.go:110.28,112.4 1 0
starter_pack/services/sheet_character.go:113.3,113.23 1 0
starter_pack/services/sheet_character.go:116.2,116.36 1 0
starter_pack/services/sheet_character.go:116.36,121.3 4 0
starter_pack/services/sheet_character.go:123.2,123.26 1 0
starter_pack/services/sheet_character.go:123.26,126.34 3 0
starter_pack/services/sheet_character.go:126.34,128.4 1 0
starter_pack/services/sheet_character.go:130.3,131.34 2 0
starter_pack/services/sheet_character.go:131.34,133.4 1 0
starter_pack/services/sheet_character.go:134.3,136.30 2 0
starter_pack/services/sheet_character.go:136.30,138.46 2 0
starter_pack/services/sheet_character.go:138.46,140.5 1 0
starter_pack/services/sheet_character.go:141.4,141.24 1 0
starter_pack/services/sheet_character.go:145.2,145.20 1 0
starter_pack/services/view_character.go:10.32,12.2 1 0
starter_pack/services/view_character.go:18.80,20.16 2 0
starter_pack/services/view_character.go:20.16,22.3 1 0
starter_pack/services/view_character.go:24.2,25.25 2 0
starter_pack/services/view_character.go:25.25,26.38 1 0
starter_pack/services/view_character.go:26.38,28.9 2 0
starter_pack/services/view_character.go:32.2,32.22 1 0
starter_pack/services/view_character.go:32.22,34.3 1 0
starter_pack/services/view_character.go:36.2,38.12 3 0
starter_pack/services/view_character.go:41.42,48.2 6 0
starter_pack/services/view_character.go:50.42,53.2 1 0
starter_pack/services/view_character.go:55.42,66.30 3 0
starter_pack/services/view_character.go:66.30,68.3 1 0
starter_pack/services/view_character.go:69.2,69.62 1 0
starter_pack/services/view_character.go:72.46,73.35 1 0
starter_pack/services/view_character.go:73.35,75.3 1 0
starter_pack/services/view_character.go:78.42,84.33 2 0
starter_pack/services/view_character.go:84.33,85.15 1 0
starter_pack/services/view_character.go:85.15,87.4 1 0
starter_pack/services/view_character.go:90.2,90.30 1 0
starter_pack/services/view_character.go:90.30,92.3 1 0
starter_pack/services/view_character.go:93.2,93.31 1 0
starter_pack/services/view_character.go:93.31,95.3 1 0
starter_pack/services/view_character.go:98.39,99.76 1 0
starter_pack/services/view_character.go:99.76,101.3 1 0
starter_pack/services/view_character.go:103.2,104.32 2 0
starter_pack/services/view_character.go:104.32,105.54 1 0
starter_pack/services/view_character.go:105.54,107.16 2 0
starter_pack/services/view_character.go:107.16,109.5 1 0
starter_pack/services/view_character.go:110.4,110.42 1 0
starter_pack/services/view_character.go:114.2,116.47 2 0
starter_pack/services/view_character.go:119.44,122.2 1 0
starter_pack/services/view_character.go:126.43,127.32 1 0
starter_pack/services/view_character.go:128.13,129.20 1 0
starter_pack/services/view_character.go:130.13,131.21 1 0
starter_pack/services/view_character.go:132.13,133.24 1 0
starter_pack/services/view_character.go:134.13,135.24 1 0
starter_pack/services/view_character.go:136.13,137.18 1 0
starter_pack/services/view_character.go:138.13,139.20 1 0
starter_pack/services/view_character.go:140.10,141.32 1 0
